This file contains any messages produced by compilers while
running configure, to aid debugging if configure makes a mistake.

It was created by configure, which was
generated by GNU Autoconf 2.69.  Invocation command line was

  $ ./configure CC=/usr/sw/mpi/mpisw9gcc_current/bin/mpicc AR=swar RANLIB=sw9ranlib CFLAGS=-mhybrid -msimd -g -O2 -fgnu89-inline -mieee ARCH=alphaev6-unknown-linux-gnu --host=alphaev6-unknown-linux-gnu --target=alphaev6-unknown-linux-gnu LDFLAGS=-L/home/export/online1/systest/gfsfile/xiaow/hadafs_client.sw

## --------- ##
## Platform. ##
## --------- ##

hostname = sn01.107.sz
uname -m = x86_64
uname -r = 3.10.0-514.21.1.el7.lustre.2.10.x86_64
uname -s = Linux
uname -v = #1 SMP Thu Aug 10 00:17:22 CST 2017

/usr/bin/uname -p = x86_64
/bin/uname -X     = unknown

/bin/arch              = x86_64
/usr/bin/arch -k       = unknown
/usr/convex/getsysinfo = unknown
/usr/bin/hostinfo      = unknown
/bin/machine           = unknown
/usr/bin/oslevel       = unknown
/bin/universe          = unknown

PATH: /usr/sz/mpi/mpisw7gcc_n2b/bin
PATH: /usr/local/bin
PATH: /usr/bin
PATH: /usr_sw7/bin
PATH: /usr/sz/ccc-install/bin
PATH: /usr/sz/bin
PATH: /home/export/online1/systest/gfsfile/QP/bin
PATH: /usr/sw/swgcc/swgcc710-tools-9A/usr/bin
PATH: /usr/sw/swgcc/swgcc710-tools-9A/usr_sw7/bin
PATH: /usr/sw/swgcc/swgcc710-tools-9A/usr/bin
PATH: /usr/sw/swgcc/swgcc710-tools-9A/usr_sw7/bin
PATH: /usr/sw/bin
PATH: /usr/local/bin
PATH: /bin
PATH: /usr/bin
PATH: /usr/local/sbin
PATH: /usr/sbin
PATH: /opt/ibutils/bin
PATH: /usr/sw/md/bin
PATH: /usr/sw/md/classes
PATH: /usr/sw/mpi/mpisw9gcc_current/bin/
PATH: /home/export/online1/systest/gfsfile/gaojie/hlcctools/bin
PATH: /home/export/online1/systest/gfsfile/gaojie/netcdf/xuzhan/netcdf-c-4.5.0.x86/ncdump
PATH: /home/export/online1/systest/gfsfile/bin


## ----------- ##
## Core tests. ##
## ----------- ##

configure:2250: checking metadata
configure:2423: result: yes
configure:2464: checking build system type
configure:2478: result: x86_64-unknown-linux-gnu
configure:2498: checking host system type
configure:2511: result: alphaev6-unknown-linux-gnu
configure:2549: checking for a BSD-compatible install
configure:2617: result: /usr/bin/install -c
configure:2628: checking whether build environment is sane
configure:2683: result: yes
configure:2742: checking for alphaev6-unknown-linux-gnu-strip
configure:2772: result: no
configure:2782: checking for strip
configure:2798: found /usr/bin/strip
configure:2809: result: strip
configure:2834: checking for a thread-safe mkdir -p
configure:2873: result: /usr/bin/mkdir -p
configure:2880: checking for gawk
configure:2896: found /usr/bin/gawk
configure:2907: result: gawk
configure:2918: checking whether make sets $(MAKE)
configure:2940: result: yes
configure:2969: checking whether make supports nested variables
configure:2986: result: yes
configure:3063: checking whether to enable maintainer-specific portions of Makefiles
configure:3072: result: no
configure:3099: checking for style of include used by make
configure:3127: result: GNU
configure:3162: checking for alphaev6-unknown-linux-gnu-mpicc
configure:3189: result: /usr/sw/mpi/mpisw9gcc_current/bin/mpicc
configure:3267: checking for alphaev6-unknown-linux-gnu-gcc
configure:3294: result: /usr/sw/mpi/mpisw9gcc_current/bin/mpicc
configure:3563: checking for C compiler version
configure:3572: /usr/sw/mpi/mpisw9gcc_current/bin/mpicc --version >&5
sw9gcc (GCC) 7.1.0 20170502 (sw9gcc-916 Committer: qianh <qianh@example.com> by comp9 at localhost.localdomain on Tue Sep 1 15:41:55 CST 2020)
Copyright (C) 2017 Free Software Foundation, Inc.
This is free software; see the source for copying conditions.  There is NO
warranty; not even for MERCHANTABILITY or FITNESS FOR A PARTICULAR PURPOSE.

readelf: Error: 'a.out': No such file
configure:3583: $? = 0
configure:3572: /usr/sw/mpi/mpisw9gcc_current/bin/mpicc -v >&5
mpicc for MPICH version 3.2b2
Reading specs from /usr/sw/swgcc/swgcc710-tools-9A-916/usr/bin/../lib/gcc/sw_64sw6a-sunway-linux-gnu/7.1.0/specs
COLLECT_GCC=sw9gcc
COLLECT_LTO_WRAPPER=/usr/sw/swgcc/swgcc710-tools-9A-916/usr/bin/../libexec/gcc/sw_64sw6a-sunway-linux-gnu/7.1.0/lto-wrapper
Target: sw_64sw6a-sunway-linux-gnu
Configured with: /home/comp9/swgcc710/gcc-7.1.0/configure --prefix=/home/comp9/swgcc710-tools-9A-916/usr --with-gmp=/home/comp9/swgcc710-tools-9A-916/usr/lib_for_gcc --with-mpfr=/home/comp9/swgcc710-tools-9A-916/usr/lib_for_gcc --with-isl=/home/comp9/swgcc710-tools-9A-916/usr/lib_for_gcc --enable-shared --enable-languages=c,c++,fortran --build=x86_64-redhat-linux --host=x86_64-redhat-linux --target=sw_64sw6a-sunway-linux-gnu --disable-multilib --enable-c99 --enable-long-long --enable-threads=posix --enable-__cxa_atexit --disable-nls --disable-libgcc_slave --disable-libgfortran_slave --disable-libstdcxx_slave --with-sysroot=/home/comp9/swgcc710-tools-9A-916 CFLAGS='-g -gdwarf-2' CXXFLAGS='-g -gdwarf-2' --disable-werror
Thread model: posix
gcc version 7.1.0 20170502 (sw9gcc-916 Committer: qianh <qianh@example.com> by comp9 at localhost.localdomain on Tue Sep 1 15:41:55 CST 2020) (GCC) 
configure:3583: $? = 0
configure:3572: /usr/sw/mpi/mpisw9gcc_current/bin/mpicc -V >&5
sw9gcc: error: unrecognized command line option '-V'
configure:3583: $? = 1
configure:3572: /usr/sw/mpi/mpisw9gcc_current/bin/mpicc -qversion >&5
sw9gcc: error: unrecognized command line option '-qversion'; did you mean '--version'?
configure:3583: $? = 1
configure:3603: checking whether the C compiler works
configure:3625: /usr/sw/mpi/mpisw9gcc_current/bin/mpicc -mhybrid -msimd -g -O2 -fgnu89-inline -mieee  -L/home/export/online1/systest/gfsfile/xiaow/hadafs_client.sw conftest.c  >&5
configure:3629: $? = 0
configure:3677: result: yes
configure:3680: checking for C compiler default output file name
configure:3682: result: a.out
configure:3688: checking for suffix of executables
configure:3695: /usr/sw/mpi/mpisw9gcc_current/bin/mpicc -o conftest -mhybrid -msimd -g -O2 -fgnu89-inline -mieee  -L/home/export/online1/systest/gfsfile/xiaow/hadafs_client.sw conftest.c  >&5
configure:3699: $? = 0
configure:3721: result: 
configure:3743: checking whether we are cross compiling
configure:3751: /usr/sw/mpi/mpisw9gcc_current/bin/mpicc -o conftest -mhybrid -msimd -g -O2 -fgnu89-inline -mieee  -L/home/export/online1/systest/gfsfile/xiaow/hadafs_client.sw conftest.c  >&5
configure:3755: $? = 0
configure:3762: ./conftest
./configure: line 3764: ./conftest: cannot execute binary file
configure:3766: $? = 126
configure:3781: result: yes
configure:3786: checking for suffix of object files
configure:3808: /usr/sw/mpi/mpisw9gcc_current/bin/mpicc -c -mhybrid -msimd -g -O2 -fgnu89-inline -mieee  conftest.c >&5
configure:3812: $? = 0
configure:3833: result: o
configure:3837: checking whether we are using the GNU C compiler
configure:3856: /usr/sw/mpi/mpisw9gcc_current/bin/mpicc -c -mhybrid -msimd -g -O2 -fgnu89-inline -mieee  conftest.c >&5
configure:3856: $? = 0
configure:3865: result: yes
configure:3874: checking whether /usr/sw/mpi/mpisw9gcc_current/bin/mpicc accepts -g
configure:3894: /usr/sw/mpi/mpisw9gcc_current/bin/mpicc -c -g  conftest.c >&5
configure:3894: $? = 0
configure:3935: result: yes
configure:3952: checking for /usr/sw/mpi/mpisw9gcc_current/bin/mpicc option to accept ISO C89
configure:4015: /usr/sw/mpi/mpisw9gcc_current/bin/mpicc  -c -mhybrid -msimd -g -O2 -fgnu89-inline -mieee  conftest.c >&5
configure:4015: $? = 0
configure:4028: result: none needed
configure:4050: checking dependency style of /usr/sw/mpi/mpisw9gcc_current/bin/mpicc
configure:4161: result: gcc3
configure:4203: checking for function MPI_Init
configure:4228: /usr/sw/mpi/mpisw9gcc_current/bin/mpicc -o conftest -mhybrid -msimd -g -O2 -fgnu89-inline -mieee  -L/home/export/online1/systest/gfsfile/xiaow/hadafs_client.sw conftest.c  >&5
configure:4228: $? = 0
configure:4235: result: yes
configure:4246: checking for mpi.h
configure:4259: /usr/sw/mpi/mpisw9gcc_current/bin/mpicc -c -mhybrid -msimd -g -O2 -fgnu89-inline -mieee  conftest.c >&5
configure:4259: $? = 0
configure:4260: result: yes
configure:4305: checking how to run the C preprocessor
configure:4336: /usr/sw/mpi/mpisw9gcc_current/bin/mpicc -E  conftest.c
configure:4336: $? = 0
configure:4350: /usr/sw/mpi/mpisw9gcc_current/bin/mpicc -E  conftest.c
conftest.c:14:10: fatal error: ac_nonexistent.h: No such file or directory
 #include <ac_nonexistent.h>
          ^~~~~~~~~~~~~~~~~~
compilation terminated.
configure:4350: $? = 1
configure: failed program was:
| /* confdefs.h */
| #define PACKAGE_NAME ""
| #define PACKAGE_TARNAME ""
| #define PACKAGE_VERSION ""
| #define PACKAGE_STRING ""
| #define PACKAGE_BUGREPORT ""
| #define PACKAGE_URL ""
| #define META_NAME "ior"
| #define META_VERSION "3.0.1"
| #define META_RELEASE "0"
| #define META_ALIAS "ior-3.0.1-0"
| #define HAVE_MPI 1
| /* end confdefs.h.  */
| #include <ac_nonexistent.h>
configure:4375: result: /usr/sw/mpi/mpisw9gcc_current/bin/mpicc -E
configure:4395: /usr/sw/mpi/mpisw9gcc_current/bin/mpicc -E  conftest.c
configure:4395: $? = 0
configure:4409: /usr/sw/mpi/mpisw9gcc_current/bin/mpicc -E  conftest.c
conftest.c:14:10: fatal error: ac_nonexistent.h: No such file or directory
 #include <ac_nonexistent.h>
          ^~~~~~~~~~~~~~~~~~
compilation terminated.
configure:4409: $? = 1
configure: failed program was:
| /* confdefs.h */
| #define PACKAGE_NAME ""
| #define PACKAGE_TARNAME ""
| #define PACKAGE_VERSION ""
| #define PACKAGE_STRING ""
| #define PACKAGE_BUGREPORT ""
| #define PACKAGE_URL ""
| #define META_NAME "ior"
| #define META_VERSION "3.0.1"
| #define META_RELEASE "0"
| #define META_ALIAS "ior-3.0.1-0"
| #define HAVE_MPI 1
| /* end confdefs.h.  */
| #include <ac_nonexistent.h>
configure:4438: checking for grep that handles long lines and -e
configure:4496: result: /usr/bin/grep
configure:4501: checking for egrep
configure:4563: result: /usr/bin/grep -E
configure:4568: checking for ANSI C header files
configure:4588: /usr/sw/mpi/mpisw9gcc_current/bin/mpicc -c -mhybrid -msimd -g -O2 -fgnu89-inline -mieee  conftest.c >&5
configure:4588: $? = 0
configure:4672: result: yes
configure:4685: checking for sys/types.h
configure:4685: /usr/sw/mpi/mpisw9gcc_current/bin/mpicc -c -mhybrid -msimd -g -O2 -fgnu89-inline -mieee  conftest.c >&5
configure:4685: $? = 0
configure:4685: result: yes
configure:4685: checking for sys/stat.h
configure:4685: /usr/sw/mpi/mpisw9gcc_current/bin/mpicc -c -mhybrid -msimd -g -O2 -fgnu89-inline -mieee  conftest.c >&5
configure:4685: $? = 0
configure:4685: result: yes
configure:4685: checking for stdlib.h
configure:4685: /usr/sw/mpi/mpisw9gcc_current/bin/mpicc -c -mhybrid -msimd -g -O2 -fgnu89-inline -mieee  conftest.c >&5
configure:4685: $? = 0
configure:4685: result: yes
configure:4685: checking for string.h
configure:4685: /usr/sw/mpi/mpisw9gcc_current/bin/mpicc -c -mhybrid -msimd -g -O2 -fgnu89-inline -mieee  conftest.c >&5
configure:4685: $? = 0
configure:4685: result: yes
configure:4685: checking for memory.h
configure:4685: /usr/sw/mpi/mpisw9gcc_current/bin/mpicc -c -mhybrid -msimd -g -O2 -fgnu89-inline -mieee  conftest.c >&5
configure:4685: $? = 0
configure:4685: result: yes
configure:4685: checking for strings.h
configure:4685: /usr/sw/mpi/mpisw9gcc_current/bin/mpicc -c -mhybrid -msimd -g -O2 -fgnu89-inline -mieee  conftest.c >&5
configure:4685: $? = 0
configure:4685: result: yes
configure:4685: checking for inttypes.h
configure:4685: /usr/sw/mpi/mpisw9gcc_current/bin/mpicc -c -mhybrid -msimd -g -O2 -fgnu89-inline -mieee  conftest.c >&5
configure:4685: $? = 0
configure:4685: result: yes
configure:4685: checking for stdint.h
configure:4685: /usr/sw/mpi/mpisw9gcc_current/bin/mpicc -c -mhybrid -msimd -g -O2 -fgnu89-inline -mieee  conftest.c >&5
configure:4685: $? = 0
configure:4685: result: yes
configure:4685: checking for unistd.h
configure:4685: /usr/sw/mpi/mpisw9gcc_current/bin/mpicc -c -mhybrid -msimd -g -O2 -fgnu89-inline -mieee  conftest.c >&5
configure:4685: $? = 0
configure:4685: result: yes
configure:4700: checking fcntl.h usability
configure:4700: /usr/sw/mpi/mpisw9gcc_current/bin/mpicc -c -mhybrid -msimd -g -O2 -fgnu89-inline -mieee  conftest.c >&5
configure:4700: $? = 0
configure:4700: result: yes
configure:4700: checking fcntl.h presence
configure:4700: /usr/sw/mpi/mpisw9gcc_current/bin/mpicc -E  conftest.c
configure:4700: $? = 0
configure:4700: result: yes
configure:4700: checking for fcntl.h
configure:4700: result: yes
configure:4700: checking libintl.h usability
configure:4700: /usr/sw/mpi/mpisw9gcc_current/bin/mpicc -c -mhybrid -msimd -g -O2 -fgnu89-inline -mieee  conftest.c >&5
configure:4700: $? = 0
configure:4700: result: yes
configure:4700: checking libintl.h presence
configure:4700: /usr/sw/mpi/mpisw9gcc_current/bin/mpicc -E  conftest.c
configure:4700: $? = 0
configure:4700: result: yes
configure:4700: checking for libintl.h
configure:4700: result: yes
configure:4700: checking for stdlib.h
configure:4700: result: yes
configure:4700: checking for string.h
configure:4700: result: yes
configure:4700: checking for strings.h
configure:4700: result: yes
configure:4700: checking sys/ioctl.h usability
configure:4700: /usr/sw/mpi/mpisw9gcc_current/bin/mpicc -c -mhybrid -msimd -g -O2 -fgnu89-inline -mieee  conftest.c >&5
configure:4700: $? = 0
configure:4700: result: yes
configure:4700: checking sys/ioctl.h presence
configure:4700: /usr/sw/mpi/mpisw9gcc_current/bin/mpicc -E  conftest.c
configure:4700: $? = 0
configure:4700: result: yes
configure:4700: checking for sys/ioctl.h
configure:4700: result: yes
configure:4700: checking sys/param.h usability
configure:4700: /usr/sw/mpi/mpisw9gcc_current/bin/mpicc -c -mhybrid -msimd -g -O2 -fgnu89-inline -mieee  conftest.c >&5
configure:4700: $? = 0
configure:4700: result: yes
configure:4700: checking sys/param.h presence
configure:4700: /usr/sw/mpi/mpisw9gcc_current/bin/mpicc -E  conftest.c
configure:4700: $? = 0
configure:4700: result: yes
configure:4700: checking for sys/param.h
configure:4700: result: yes
configure:4700: checking sys/statfs.h usability
configure:4700: /usr/sw/mpi/mpisw9gcc_current/bin/mpicc -c -mhybrid -msimd -g -O2 -fgnu89-inline -mieee  conftest.c >&5
configure:4700: $? = 0
configure:4700: result: yes
configure:4700: checking sys/statfs.h presence
configure:4700: /usr/sw/mpi/mpisw9gcc_current/bin/mpicc -E  conftest.c
configure:4700: $? = 0
configure:4700: result: yes
configure:4700: checking for sys/statfs.h
configure:4700: result: yes
configure:4700: checking sys/statvfs.h usability
configure:4700: /usr/sw/mpi/mpisw9gcc_current/bin/mpicc -c -mhybrid -msimd -g -O2 -fgnu89-inline -mieee  conftest.c >&5
configure:4700: $? = 0
configure:4700: result: yes
configure:4700: checking sys/statvfs.h presence
configure:4700: /usr/sw/mpi/mpisw9gcc_current/bin/mpicc -E  conftest.c
configure:4700: $? = 0
configure:4700: result: yes
configure:4700: checking for sys/statvfs.h
configure:4700: result: yes
configure:4700: checking sys/time.h usability
configure:4700: /usr/sw/mpi/mpisw9gcc_current/bin/mpicc -c -mhybrid -msimd -g -O2 -fgnu89-inline -mieee  conftest.c >&5
configure:4700: $? = 0
configure:4700: result: yes
configure:4700: checking sys/time.h presence
configure:4700: /usr/sw/mpi/mpisw9gcc_current/bin/mpicc -E  conftest.c
configure:4700: $? = 0
configure:4700: result: yes
configure:4700: checking for sys/time.h
configure:4700: result: yes
configure:4700: checking for unistd.h
configure:4700: result: yes
configure:4700: checking wchar.h usability
configure:4700: /usr/sw/mpi/mpisw9gcc_current/bin/mpicc -c -mhybrid -msimd -g -O2 -fgnu89-inline -mieee  conftest.c >&5
configure:4700: $? = 0
configure:4700: result: yes
configure:4700: checking wchar.h presence
configure:4700: /usr/sw/mpi/mpisw9gcc_current/bin/mpicc -E  conftest.c
configure:4700: $? = 0
configure:4700: result: yes
configure:4700: checking for wchar.h
configure:4700: result: yes
configure:4700: checking gpfs.h usability
configure:4700: /usr/sw/mpi/mpisw9gcc_current/bin/mpicc -c -mhybrid -msimd -g -O2 -fgnu89-inline -mieee  conftest.c >&5
conftest.c:69:10: fatal error: gpfs.h: No such file or directory
 #include <gpfs.h>
          ^~~~~~~~
compilation terminated.
configure:4700: $? = 1
configure: failed program was:
| /* confdefs.h */
| #define PACKAGE_NAME ""
| #define PACKAGE_TARNAME ""
| #define PACKAGE_VERSION ""
| #define PACKAGE_STRING ""
| #define PACKAGE_BUGREPORT ""
| #define PACKAGE_URL ""
| #define META_NAME "ior"
| #define META_VERSION "3.0.1"
| #define META_RELEASE "0"
| #define META_ALIAS "ior-3.0.1-0"
| #define HAVE_MPI 1
| #define STDC_HEADERS 1
| #define HAVE_SYS_TYPES_H 1
| #define HAVE_SYS_STAT_H 1
| #define HAVE_STDLIB_H 1
| #define HAVE_STRING_H 1
| #define HAVE_MEMORY_H 1
| #define HAVE_STRINGS_H 1
| #define HAVE_INTTYPES_H 1
| #define HAVE_STDINT_H 1
| #define HAVE_UNISTD_H 1
| #define HAVE_FCNTL_H 1
| #define HAVE_LIBINTL_H 1
| #define HAVE_STDLIB_H 1
| #define HAVE_STRING_H 1
| #define HAVE_STRINGS_H 1
| #define HAVE_SYS_IOCTL_H 1
| #define HAVE_SYS_PARAM_H 1
| #define HAVE_SYS_STATFS_H 1
| #define HAVE_SYS_STATVFS_H 1
| #define HAVE_SYS_TIME_H 1
| #define HAVE_UNISTD_H 1
| #define HAVE_WCHAR_H 1
| /* end confdefs.h.  */
| #include <stdio.h>
| #ifdef HAVE_SYS_TYPES_H
| # include <sys/types.h>
| #endif
| #ifdef HAVE_SYS_STAT_H
| # include <sys/stat.h>
| #endif
| #ifdef STDC_HEADERS
| # include <stdlib.h>
| # include <stddef.h>
| #else
| # ifdef HAVE_STDLIB_H
| #  include <stdlib.h>
| # endif
| #endif
| #ifdef HAVE_STRING_H
| # if !defined STDC_HEADERS && defined HAVE_MEMORY_H
| #  include <memory.h>
| # endif
| # include <string.h>
| #endif
| #ifdef HAVE_STRINGS_H
| # include <strings.h>
| #endif
| #ifdef HAVE_INTTYPES_H
| # include <inttypes.h>
| #endif
| #ifdef HAVE_STDINT_H
| # include <stdint.h>
| #endif
| #ifdef HAVE_UNISTD_H
| # include <unistd.h>
| #endif
| #include <gpfs.h>
configure:4700: result: no
configure:4700: checking gpfs.h presence
configure:4700: /usr/sw/mpi/mpisw9gcc_current/bin/mpicc -E  conftest.c
conftest.c:36:10: fatal error: gpfs.h: No such file or directory
 #include <gpfs.h>
          ^~~~~~~~
compilation terminated.
configure:4700: $? = 1
configure: failed program was:
| /* confdefs.h */
| #define PACKAGE_NAME ""
| #define PACKAGE_TARNAME ""
| #define PACKAGE_VERSION ""
| #define PACKAGE_STRING ""
| #define PACKAGE_BUGREPORT ""
| #define PACKAGE_URL ""
| #define META_NAME "ior"
| #define META_VERSION "3.0.1"
| #define META_RELEASE "0"
| #define META_ALIAS "ior-3.0.1-0"
| #define HAVE_MPI 1
| #define STDC_HEADERS 1
| #define HAVE_SYS_TYPES_H 1
| #define HAVE_SYS_STAT_H 1
| #define HAVE_STDLIB_H 1
| #define HAVE_STRING_H 1
| #define HAVE_MEMORY_H 1
| #define HAVE_STRINGS_H 1
| #define HAVE_INTTYPES_H 1
| #define HAVE_STDINT_H 1
| #define HAVE_UNISTD_H 1
| #define HAVE_FCNTL_H 1
| #define HAVE_LIBINTL_H 1
| #define HAVE_STDLIB_H 1
| #define HAVE_STRING_H 1
| #define HAVE_STRINGS_H 1
| #define HAVE_SYS_IOCTL_H 1
| #define HAVE_SYS_PARAM_H 1
| #define HAVE_SYS_STATFS_H 1
| #define HAVE_SYS_STATVFS_H 1
| #define HAVE_SYS_TIME_H 1
| #define HAVE_UNISTD_H 1
| #define HAVE_WCHAR_H 1
| /* end confdefs.h.  */
| #include <gpfs.h>
configure:4700: result: no
configure:4700: checking for gpfs.h
configure:4700: result: no
configure:4700: checking gpfs_fcntl.h usability
configure:4700: /usr/sw/mpi/mpisw9gcc_current/bin/mpicc -c -mhybrid -msimd -g -O2 -fgnu89-inline -mieee  conftest.c >&5
conftest.c:69:10: fatal error: gpfs_fcntl.h: No such file or directory
 #include <gpfs_fcntl.h>
          ^~~~~~~~~~~~~~
compilation terminated.
configure:4700: $? = 1
configure: failed program was:
| /* confdefs.h */
| #define PACKAGE_NAME ""
| #define PACKAGE_TARNAME ""
| #define PACKAGE_VERSION ""
| #define PACKAGE_STRING ""
| #define PACKAGE_BUGREPORT ""
| #define PACKAGE_URL ""
| #define META_NAME "ior"
| #define META_VERSION "3.0.1"
| #define META_RELEASE "0"
| #define META_ALIAS "ior-3.0.1-0"
| #define HAVE_MPI 1
| #define STDC_HEADERS 1
| #define HAVE_SYS_TYPES_H 1
| #define HAVE_SYS_STAT_H 1
| #define HAVE_STDLIB_H 1
| #define HAVE_STRING_H 1
| #define HAVE_MEMORY_H 1
| #define HAVE_STRINGS_H 1
| #define HAVE_INTTYPES_H 1
| #define HAVE_STDINT_H 1
| #define HAVE_UNISTD_H 1
| #define HAVE_FCNTL_H 1
| #define HAVE_LIBINTL_H 1
| #define HAVE_STDLIB_H 1
| #define HAVE_STRING_H 1
| #define HAVE_STRINGS_H 1
| #define HAVE_SYS_IOCTL_H 1
| #define HAVE_SYS_PARAM_H 1
| #define HAVE_SYS_STATFS_H 1
| #define HAVE_SYS_STATVFS_H 1
| #define HAVE_SYS_TIME_H 1
| #define HAVE_UNISTD_H 1
| #define HAVE_WCHAR_H 1
| /* end confdefs.h.  */
| #include <stdio.h>
| #ifdef HAVE_SYS_TYPES_H
| # include <sys/types.h>
| #endif
| #ifdef HAVE_SYS_STAT_H
| # include <sys/stat.h>
| #endif
| #ifdef STDC_HEADERS
| # include <stdlib.h>
| # include <stddef.h>
| #else
| # ifdef HAVE_STDLIB_H
| #  include <stdlib.h>
| # endif
| #endif
| #ifdef HAVE_STRING_H
| # if !defined STDC_HEADERS && defined HAVE_MEMORY_H
| #  include <memory.h>
| # endif
| # include <string.h>
| #endif
| #ifdef HAVE_STRINGS_H
| # include <strings.h>
| #endif
| #ifdef HAVE_INTTYPES_H
| # include <inttypes.h>
| #endif
| #ifdef HAVE_STDINT_H
| # include <stdint.h>
| #endif
| #ifdef HAVE_UNISTD_H
| # include <unistd.h>
| #endif
| #include <gpfs_fcntl.h>
configure:4700: result: no
configure:4700: checking gpfs_fcntl.h presence
configure:4700: /usr/sw/mpi/mpisw9gcc_current/bin/mpicc -E  conftest.c
conftest.c:36:10: fatal error: gpfs_fcntl.h: No such file or directory
 #include <gpfs_fcntl.h>
          ^~~~~~~~~~~~~~
compilation terminated.
configure:4700: $? = 1
configure: failed program was:
| /* confdefs.h */
| #define PACKAGE_NAME ""
| #define PACKAGE_TARNAME ""
| #define PACKAGE_VERSION ""
| #define PACKAGE_STRING ""
| #define PACKAGE_BUGREPORT ""
| #define PACKAGE_URL ""
| #define META_NAME "ior"
| #define META_VERSION "3.0.1"
| #define META_RELEASE "0"
| #define META_ALIAS "ior-3.0.1-0"
| #define HAVE_MPI 1
| #define STDC_HEADERS 1
| #define HAVE_SYS_TYPES_H 1
| #define HAVE_SYS_STAT_H 1
| #define HAVE_STDLIB_H 1
| #define HAVE_STRING_H 1
| #define HAVE_MEMORY_H 1
| #define HAVE_STRINGS_H 1
| #define HAVE_INTTYPES_H 1
| #define HAVE_STDINT_H 1
| #define HAVE_UNISTD_H 1
| #define HAVE_FCNTL_H 1
| #define HAVE_LIBINTL_H 1
| #define HAVE_STDLIB_H 1
| #define HAVE_STRING_H 1
| #define HAVE_STRINGS_H 1
| #define HAVE_SYS_IOCTL_H 1
| #define HAVE_SYS_PARAM_H 1
| #define HAVE_SYS_STATFS_H 1
| #define HAVE_SYS_STATVFS_H 1
| #define HAVE_SYS_TIME_H 1
| #define HAVE_UNISTD_H 1
| #define HAVE_WCHAR_H 1
| /* end confdefs.h.  */
| #include <gpfs_fcntl.h>
configure:4700: result: no
configure:4700: checking for gpfs_fcntl.h
configure:4700: result: no
configure:4712: checking for size_t
configure:4712: /usr/sw/mpi/mpisw9gcc_current/bin/mpicc -c -mhybrid -msimd -g -O2 -fgnu89-inline -mieee  conftest.c >&5
configure:4712: $? = 0
configure:4712: /usr/sw/mpi/mpisw9gcc_current/bin/mpicc -c -mhybrid -msimd -g -O2 -fgnu89-inline -mieee  conftest.c >&5
conftest.c: In function 'main':
conftest.c:72:21: error: expected expression before ')' token
 if (sizeof ((size_t)))
                     ^
configure:4712: $? = 1
configure: failed program was:
| /* confdefs.h */
| #define PACKAGE_NAME ""
| #define PACKAGE_TARNAME ""
| #define PACKAGE_VERSION ""
| #define PACKAGE_STRING ""
| #define PACKAGE_BUGREPORT ""
| #define PACKAGE_URL ""
| #define META_NAME "ior"
| #define META_VERSION "3.0.1"
| #define META_RELEASE "0"
| #define META_ALIAS "ior-3.0.1-0"
| #define HAVE_MPI 1
| #define STDC_HEADERS 1
| #define HAVE_SYS_TYPES_H 1
| #define HAVE_SYS_STAT_H 1
| #define HAVE_STDLIB_H 1
| #define HAVE_STRING_H 1
| #define HAVE_MEMORY_H 1
| #define HAVE_STRINGS_H 1
| #define HAVE_INTTYPES_H 1
| #define HAVE_STDINT_H 1
| #define HAVE_UNISTD_H 1
| #define HAVE_FCNTL_H 1
| #define HAVE_LIBINTL_H 1
| #define HAVE_STDLIB_H 1
| #define HAVE_STRING_H 1
| #define HAVE_STRINGS_H 1
| #define HAVE_SYS_IOCTL_H 1
| #define HAVE_SYS_PARAM_H 1
| #define HAVE_SYS_STATFS_H 1
| #define HAVE_SYS_STATVFS_H 1
| #define HAVE_SYS_TIME_H 1
| #define HAVE_UNISTD_H 1
| #define HAVE_WCHAR_H 1
| /* end confdefs.h.  */
| #include <stdio.h>
| #ifdef HAVE_SYS_TYPES_H
| # include <sys/types.h>
| #endif
| #ifdef HAVE_SYS_STAT_H
| # include <sys/stat.h>
| #endif
| #ifdef STDC_HEADERS
| # include <stdlib.h>
| # include <stddef.h>
| #else
| # ifdef HAVE_STDLIB_H
| #  include <stdlib.h>
| # endif
| #endif
| #ifdef HAVE_STRING_H
| # if !defined STDC_HEADERS && defined HAVE_MEMORY_H
| #  include <memory.h>
| # endif
| # include <string.h>
| #endif
| #ifdef HAVE_STRINGS_H
| # include <strings.h>
| #endif
| #ifdef HAVE_INTTYPES_H
| # include <inttypes.h>
| #endif
| #ifdef HAVE_STDINT_H
| # include <stdint.h>
| #endif
| #ifdef HAVE_UNISTD_H
| # include <unistd.h>
| #endif
| int
| main ()
| {
| if (sizeof ((size_t)))
| 	    return 0;
|   ;
|   return 0;
| }
configure:4712: result: yes
configure:4728: checking for getpagesize
configure:4728: /usr/sw/mpi/mpisw9gcc_current/bin/mpicc -o conftest -mhybrid -msimd -g -O2 -fgnu89-inline -mieee  -L/home/export/online1/systest/gfsfile/xiaow/hadafs_client.sw conftest.c  >&5
configure:4728: $? = 0
configure:4728: result: yes
configure:4728: checking for gettimeofday
configure:4728: /usr/sw/mpi/mpisw9gcc_current/bin/mpicc -o conftest -mhybrid -msimd -g -O2 -fgnu89-inline -mieee  -L/home/export/online1/systest/gfsfile/xiaow/hadafs_client.sw conftest.c  >&5
configure:4728: $? = 0
configure:4728: result: yes
configure:4728: checking for memset
configure:4728: /usr/sw/mpi/mpisw9gcc_current/bin/mpicc -o conftest -mhybrid -msimd -g -O2 -fgnu89-inline -mieee  -L/home/export/online1/systest/gfsfile/xiaow/hadafs_client.sw conftest.c  >&5
conftest.c:61:6: warning: conflicting types for built-in function 'memset' [-Wbuiltin-declaration-mismatch]
 char memset ();
      ^~~~~~
configure:4728: $? = 0
configure:4728: result: yes
configure:4728: checking for mkdir
configure:4728: /usr/sw/mpi/mpisw9gcc_current/bin/mpicc -o conftest -mhybrid -msimd -g -O2 -fgnu89-inline -mieee  -L/home/export/online1/systest/gfsfile/xiaow/hadafs_client.sw conftest.c  >&5
configure:4728: $? = 0
configure:4728: result: yes
configure:4728: checking for pow
configure:4728: /usr/sw/mpi/mpisw9gcc_current/bin/mpicc -o conftest -mhybrid -msimd -g -O2 -fgnu89-inline -mieee  -L/home/export/online1/systest/gfsfile/xiaow/hadafs_client.sw conftest.c  >&5
conftest.c:63:6: warning: conflicting types for built-in function 'pow' [-Wbuiltin-declaration-mismatch]
 char pow ();
      ^~~
configure:4728: $? = 0
configure:4728: result: yes
configure:4728: checking for putenv
configure:4728: /usr/sw/mpi/mpisw9gcc_current/bin/mpicc -o conftest -mhybrid -msimd -g -O2 -fgnu89-inline -mieee  -L/home/export/online1/systest/gfsfile/xiaow/hadafs_client.sw conftest.c  >&5
configure:4728: $? = 0
configure:4728: result: yes
configure:4728: checking for realpath
configure:4728: /usr/sw/mpi/mpisw9gcc_current/bin/mpicc -o conftest -mhybrid -msimd -g -O2 -fgnu89-inline -mieee  -L/home/export/online1/systest/gfsfile/xiaow/hadafs_client.sw conftest.c  >&5
configure:4728: $? = 0
configure:4728: result: yes
configure:4728: checking for regcomp
configure:4728: /usr/sw/mpi/mpisw9gcc_current/bin/mpicc -o conftest -mhybrid -msimd -g -O2 -fgnu89-inline -mieee  -L/home/export/online1/systest/gfsfile/xiaow/hadafs_client.sw conftest.c  >&5
configure:4728: $? = 0
configure:4728: result: yes
configure:4728: checking for sqrt
configure:4728: /usr/sw/mpi/mpisw9gcc_current/bin/mpicc -o conftest -mhybrid -msimd -g -O2 -fgnu89-inline -mieee  -L/home/export/online1/systest/gfsfile/xiaow/hadafs_client.sw conftest.c  >&5
conftest.c:67:6: warning: conflicting types for built-in function 'sqrt' [-Wbuiltin-declaration-mismatch]
 char sqrt ();
      ^~~~
configure:4728: $? = 0
configure:4728: result: yes
configure:4728: checking for strcasecmp
configure:4728: /usr/sw/mpi/mpisw9gcc_current/bin/mpicc -o conftest -mhybrid -msimd -g -O2 -fgnu89-inline -mieee  -L/home/export/online1/systest/gfsfile/xiaow/hadafs_client.sw conftest.c  >&5
conftest.c:68:6: warning: conflicting types for built-in function 'strcasecmp' [-Wbuiltin-declaration-mismatch]
 char strcasecmp ();
      ^~~~~~~~~~
configure:4728: $? = 0
configure:4728: result: yes
configure:4728: checking for strchr
configure:4728: /usr/sw/mpi/mpisw9gcc_current/bin/mpicc -o conftest -mhybrid -msimd -g -O2 -fgnu89-inline -mieee  -L/home/export/online1/systest/gfsfile/xiaow/hadafs_client.sw conftest.c  >&5
conftest.c:69:6: warning: conflicting types for built-in function 'strchr' [-Wbuiltin-declaration-mismatch]
 char strchr ();
      ^~~~~~
configure:4728: $? = 0
configure:4728: result: yes
configure:4728: checking for strerror
configure:4728: /usr/sw/mpi/mpisw9gcc_current/bin/mpicc -o conftest -mhybrid -msimd -g -O2 -fgnu89-inline -mieee  -L/home/export/online1/systest/gfsfile/xiaow/hadafs_client.sw conftest.c  >&5
configure:4728: $? = 0
configure:4728: result: yes
configure:4728: checking for strncasecmp
configure:4728: /usr/sw/mpi/mpisw9gcc_current/bin/mpicc -o conftest -mhybrid -msimd -g -O2 -fgnu89-inline -mieee  -L/home/export/online1/systest/gfsfile/xiaow/hadafs_client.sw conftest.c  >&5
conftest.c:71:6: warning: conflicting types for built-in function 'strncasecmp' [-Wbuiltin-declaration-mismatch]
 char strncasecmp ();
      ^~~~~~~~~~~
configure:4728: $? = 0
configure:4728: result: yes
configure:4728: checking for strstr
configure:4728: /usr/sw/mpi/mpisw9gcc_current/bin/mpicc -o conftest -mhybrid -msimd -g -O2 -fgnu89-inline -mieee  -L/home/export/online1/systest/gfsfile/xiaow/hadafs_client.sw conftest.c  >&5
conftest.c:72:6: warning: conflicting types for built-in function 'strstr' [-Wbuiltin-declaration-mismatch]
 char strstr ();
      ^~~~~~
configure:4728: $? = 0
configure:4728: result: yes
configure:4728: checking for uname
configure:4728: /usr/sw/mpi/mpisw9gcc_current/bin/mpicc -o conftest -mhybrid -msimd -g -O2 -fgnu89-inline -mieee  -L/home/export/online1/systest/gfsfile/xiaow/hadafs_client.sw conftest.c  >&5
configure:4728: $? = 0
configure:4728: result: yes
configure:4737: checking for library containing sqrt
configure:4768: /usr/sw/mpi/mpisw9gcc_current/bin/mpicc -o conftest -mhybrid -msimd -g -O2 -fgnu89-inline -mieee  -L/home/export/online1/systest/gfsfile/xiaow/hadafs_client.sw conftest.c  >&5
conftest.c:58:6: warning: conflicting types for built-in function 'sqrt' [-Wbuiltin-declaration-mismatch]
 char sqrt ();
      ^~~~
configure:4768: $? = 0
configure:4785: result: none required
configure:4804: checking for special C compiler options needed for large files
configure:4849: result: no
configure:4855: checking for _FILE_OFFSET_BITS value needed for large files
configure:4880: /usr/sw/mpi/mpisw9gcc_current/bin/mpicc -c -mhybrid -msimd -g -O2 -fgnu89-inline -mieee  conftest.c >&5
configure:4880: $? = 0
configure:4912: result: no
configure:5011: checking lustre/lustre_user.h usability
configure:5011: /usr/sw/mpi/mpisw9gcc_current/bin/mpicc -c -mhybrid -msimd -g -O2 -fgnu89-inline -mieee  conftest.c >&5
conftest.c:84:10: fatal error: lustre/lustre_user.h: No such file or directory
 #include <lustre/lustre_user.h>
          ^~~~~~~~~~~~~~~~~~~~~~
compilation terminated.
configure:5011: $? = 1
configure: failed program was:
| /* confdefs.h */
| #define PACKAGE_NAME ""
| #define PACKAGE_TARNAME ""
| #define PACKAGE_VERSION ""
| #define PACKAGE_STRING ""
| #define PACKAGE_BUGREPORT ""
| #define PACKAGE_URL ""
| #define META_NAME "ior"
| #define META_VERSION "3.0.1"
| #define META_RELEASE "0"
| #define META_ALIAS "ior-3.0.1-0"
| #define HAVE_MPI 1
| #define STDC_HEADERS 1
| #define HAVE_SYS_TYPES_H 1
| #define HAVE_SYS_STAT_H 1
| #define HAVE_STDLIB_H 1
| #define HAVE_STRING_H 1
| #define HAVE_MEMORY_H 1
| #define HAVE_STRINGS_H 1
| #define HAVE_INTTYPES_H 1
| #define HAVE_STDINT_H 1
| #define HAVE_UNISTD_H 1
| #define HAVE_FCNTL_H 1
| #define HAVE_LIBINTL_H 1
| #define HAVE_STDLIB_H 1
| #define HAVE_STRING_H 1
| #define HAVE_STRINGS_H 1
| #define HAVE_SYS_IOCTL_H 1
| #define HAVE_SYS_PARAM_H 1
| #define HAVE_SYS_STATFS_H 1
| #define HAVE_SYS_STATVFS_H 1
| #define HAVE_SYS_TIME_H 1
| #define HAVE_UNISTD_H 1
| #define HAVE_WCHAR_H 1
| #define HAVE_GETPAGESIZE 1
| #define HAVE_GETTIMEOFDAY 1
| #define HAVE_MEMSET 1
| #define HAVE_MKDIR 1
| #define HAVE_POW 1
| #define HAVE_PUTENV 1
| #define HAVE_REALPATH 1
| #define HAVE_REGCOMP 1
| #define HAVE_SQRT 1
| #define HAVE_STRCASECMP 1
| #define HAVE_STRCHR 1
| #define HAVE_STRERROR 1
| #define HAVE_STRNCASECMP 1
| #define HAVE_STRSTR 1
| #define HAVE_UNAME 1
| /* end confdefs.h.  */
| #include <stdio.h>
| #ifdef HAVE_SYS_TYPES_H
| # include <sys/types.h>
| #endif
| #ifdef HAVE_SYS_STAT_H
| # include <sys/stat.h>
| #endif
| #ifdef STDC_HEADERS
| # include <stdlib.h>
| # include <stddef.h>
| #else
| # ifdef HAVE_STDLIB_H
| #  include <stdlib.h>
| # endif
| #endif
| #ifdef HAVE_STRING_H
| # if !defined STDC_HEADERS && defined HAVE_MEMORY_H
| #  include <memory.h>
| # endif
| # include <string.h>
| #endif
| #ifdef HAVE_STRINGS_H
| # include <strings.h>
| #endif
| #ifdef HAVE_INTTYPES_H
| # include <inttypes.h>
| #endif
| #ifdef HAVE_STDINT_H
| # include <stdint.h>
| #endif
| #ifdef HAVE_UNISTD_H
| # include <unistd.h>
| #endif
| #include <lustre/lustre_user.h>
configure:5011: result: no
configure:5011: checking lustre/lustre_user.h presence
configure:5011: /usr/sw/mpi/mpisw9gcc_current/bin/mpicc -E  conftest.c
conftest.c:51:10: fatal error: lustre/lustre_user.h: No such file or directory
 #include <lustre/lustre_user.h>
          ^~~~~~~~~~~~~~~~~~~~~~
compilation terminated.
configure:5011: $? = 1
configure: failed program was:
| /* confdefs.h */
| #define PACKAGE_NAME ""
| #define PACKAGE_TARNAME ""
| #define PACKAGE_VERSION ""
| #define PACKAGE_STRING ""
| #define PACKAGE_BUGREPORT ""
| #define PACKAGE_URL ""
| #define META_NAME "ior"
| #define META_VERSION "3.0.1"
| #define META_RELEASE "0"
| #define META_ALIAS "ior-3.0.1-0"
| #define HAVE_MPI 1
| #define STDC_HEADERS 1
| #define HAVE_SYS_TYPES_H 1
| #define HAVE_SYS_STAT_H 1
| #define HAVE_STDLIB_H 1
| #define HAVE_STRING_H 1
| #define HAVE_MEMORY_H 1
| #define HAVE_STRINGS_H 1
| #define HAVE_INTTYPES_H 1
| #define HAVE_STDINT_H 1
| #define HAVE_UNISTD_H 1
| #define HAVE_FCNTL_H 1
| #define HAVE_LIBINTL_H 1
| #define HAVE_STDLIB_H 1
| #define HAVE_STRING_H 1
| #define HAVE_STRINGS_H 1
| #define HAVE_SYS_IOCTL_H 1
| #define HAVE_SYS_PARAM_H 1
| #define HAVE_SYS_STATFS_H 1
| #define HAVE_SYS_STATVFS_H 1
| #define HAVE_SYS_TIME_H 1
| #define HAVE_UNISTD_H 1
| #define HAVE_WCHAR_H 1
| #define HAVE_GETPAGESIZE 1
| #define HAVE_GETTIMEOFDAY 1
| #define HAVE_MEMSET 1
| #define HAVE_MKDIR 1
| #define HAVE_POW 1
| #define HAVE_PUTENV 1
| #define HAVE_REALPATH 1
| #define HAVE_REGCOMP 1
| #define HAVE_SQRT 1
| #define HAVE_STRCASECMP 1
| #define HAVE_STRCHR 1
| #define HAVE_STRERROR 1
| #define HAVE_STRNCASECMP 1
| #define HAVE_STRSTR 1
| #define HAVE_UNAME 1
| /* end confdefs.h.  */
| #include <lustre/lustre_user.h>
configure:5011: result: no
configure:5011: checking for lustre/lustre_user.h
configure:5011: result: no
configure:5262: checking that generated files are newer than configure
configure:5268: result: done
configure:5315: creating ./config.status

## ---------------------- ##
## Running config.status. ##
## ---------------------- ##

This file was extended by config.status, which was
generated by GNU Autoconf 2.69.  Invocation command line was

  CONFIG_FILES    = 
  CONFIG_HEADERS  = 
  CONFIG_LINKS    = 
  CONFIG_COMMANDS = 
  $ ./config.status 

on sn01.107.sz

config.status:918: creating Makefile
config.status:918: creating src/Makefile
config.status:918: creating contrib/Makefile
config.status:918: creating doc/Makefile
config.status:918: creating src/config.h
config.status:1099: src/config.h is unchanged
config.status:1147: executing depfiles commands

## ---------------- ##
## Cache variables. ##
## ---------------- ##

ac_cv_build=x86_64-unknown-linux-gnu
ac_cv_c_compiler_gnu=yes
ac_cv_env_CC_set=set
ac_cv_env_CC_value=/usr/sw/mpi/mpisw9gcc_current/bin/mpicc
ac_cv_env_CFLAGS_set=set
ac_cv_env_CFLAGS_value='-mhybrid -msimd -g -O2 -fgnu89-inline -mieee'
ac_cv_env_CPPFLAGS_set=
ac_cv_env_CPPFLAGS_value=
ac_cv_env_CPP_set=
ac_cv_env_CPP_value=
ac_cv_env_LDFLAGS_set=set
ac_cv_env_LDFLAGS_value=-L/home/export/online1/systest/gfsfile/xiaow/hadafs_client.sw
ac_cv_env_LIBS_set=
ac_cv_env_LIBS_value=
ac_cv_env_MPICC_set=
ac_cv_env_MPICC_value=
ac_cv_env_build_alias_set=
ac_cv_env_build_alias_value=
ac_cv_env_host_alias_set=set
ac_cv_env_host_alias_value=alphaev6-unknown-linux-gnu
ac_cv_env_target_alias_set=set
ac_cv_env_target_alias_value=alphaev6-unknown-linux-gnu
ac_cv_func_getpagesize=yes
ac_cv_func_gettimeofday=yes
ac_cv_func_memset=yes
ac_cv_func_mkdir=yes
ac_cv_func_pow=yes
ac_cv_func_putenv=yes
ac_cv_func_realpath=yes
ac_cv_func_regcomp=yes
ac_cv_func_sqrt=yes
ac_cv_func_strcasecmp=yes
ac_cv_func_strchr=yes
ac_cv_func_strerror=yes
ac_cv_func_strncasecmp=yes
ac_cv_func_strstr=yes
ac_cv_func_uname=yes
ac_cv_header_fcntl_h=yes
ac_cv_header_gpfs_fcntl_h=no
ac_cv_header_gpfs_h=no
ac_cv_header_inttypes_h=yes
ac_cv_header_libintl_h=yes
ac_cv_header_lustre_lustre_user_h=no
ac_cv_header_memory_h=yes
ac_cv_header_stdc=yes
ac_cv_header_stdint_h=yes
ac_cv_header_stdlib_h=yes
ac_cv_header_string_h=yes
ac_cv_header_strings_h=yes
ac_cv_header_sys_ioctl_h=yes
ac_cv_header_sys_param_h=yes
ac_cv_header_sys_stat_h=yes
ac_cv_header_sys_statfs_h=yes
ac_cv_header_sys_statvfs_h=yes
ac_cv_header_sys_time_h=yes
ac_cv_header_sys_types_h=yes
ac_cv_header_unistd_h=yes
ac_cv_header_wchar_h=yes
ac_cv_host=alphaev6-unknown-linux-gnu
ac_cv_objext=o
ac_cv_path_EGREP='/usr/bin/grep -E'
ac_cv_path_GREP=/usr/bin/grep
ac_cv_path_install='/usr/bin/install -c'
ac_cv_path_mkdir=/usr/bin/mkdir
ac_cv_prog_AWK=gawk
ac_cv_prog_CC=/usr/sw/mpi/mpisw9gcc_current/bin/mpicc
ac_cv_prog_CPP='/usr/sw/mpi/mpisw9gcc_current/bin/mpicc -E'
ac_cv_prog_ac_ct_STRIP=strip
ac_cv_prog_cc_c89=
ac_cv_prog_cc_g=yes
ac_cv_prog_make_make_set=yes
ac_cv_search_sqrt='none required'
ac_cv_sys_file_offset_bits=no
ac_cv_sys_largefile_CC=no
ac_cv_type_size_t=yes
am_cv_CC_dependencies_compiler_type=gcc3
am_cv_make_support_nested_variables=yes

## ----------------- ##
## Output variables. ##
## ----------------- ##

ACLOCAL='${SHELL} /home/export/online1/systest/gfsfile/testscripts/IOR.hada/ior.hadafs/config/missing aclocal-1.13'
AMDEPBACKSLASH='\'
AMDEP_FALSE='#'
AMDEP_TRUE=''
AMTAR='$${TAR-tar}'
AM_BACKSLASH='\'
AM_DEFAULT_V='$(AM_DEFAULT_VERBOSITY)'
AM_DEFAULT_VERBOSITY='1'
AM_V='$(V)'
AUTOCONF='${SHELL} /home/export/online1/systest/gfsfile/testscripts/IOR.hada/ior.hadafs/config/missing autoconf'
AUTOHEADER='${SHELL} /home/export/online1/systest/gfsfile/testscripts/IOR.hada/ior.hadafs/config/missing autoheader'
AUTOMAKE='${SHELL} /home/export/online1/systest/gfsfile/testscripts/IOR.hada/ior.hadafs/config/missing automake-1.13'
AWK='gawk'
CC='/usr/sw/mpi/mpisw9gcc_current/bin/mpicc'
CCDEPMODE='depmode=gcc3'
CFLAGS='-mhybrid -msimd -g -O2 -fgnu89-inline -mieee'
CPP='/usr/sw/mpi/mpisw9gcc_current/bin/mpicc -E'
CPPFLAGS=''
CYGPATH_W='echo'
DEFS='-DHAVE_CONFIG_H'
DEPDIR='.deps'
ECHO_C=''
ECHO_N='-n'
ECHO_T=''
EGREP='/usr/bin/grep -E'
EXEEXT=''
GREP='/usr/bin/grep'
INSTALL_DATA='${INSTALL} -m 644'
INSTALL_PROGRAM='${INSTALL}'
INSTALL_SCRIPT='${INSTALL}'
INSTALL_STRIP_PROGRAM='$(install_sh) -c -s'
LDFLAGS='-L/home/export/online1/systest/gfsfile/xiaow/hadafs_client.sw'
LIBOBJS=''
LIBS=''
LTLIBOBJS=''
MAINT='#'
MAINTAINER_MODE_FALSE=''
MAINTAINER_MODE_TRUE='#'
MAKEINFO='${SHELL} /home/export/online1/systest/gfsfile/testscripts/IOR.hada/ior.hadafs/config/missing makeinfo'
META_ALIAS='ior-3.0.1-0'
META_AUTHOR=''
META_DATE=''
META_LT_AGE=''
META_LT_CURRENT=''
META_LT_REVISION=''
META_NAME='ior'
META_RELEASE='0'
META_VERSION='3.0.1'
MKDIR_P='/usr/bin/mkdir -p'
MPICC=''
OBJEXT='o'
PACKAGE='ior'
PACKAGE_BUGREPORT=''
PACKAGE_NAME=''
PACKAGE_STRING=''
PACKAGE_TARNAME=''
PACKAGE_URL=''
PACKAGE_VERSION=''
PATH_SEPARATOR=':'
SET_MAKE=''
SHELL='/bin/sh'
STRIP='strip'
USE_CAPS_FALSE=''
USE_CAPS_TRUE='#'
USE_HDF5_AIORI_FALSE=''
USE_HDF5_AIORI_TRUE='#'
USE_MPIIO_AIORI_FALSE='#'
USE_MPIIO_AIORI_TRUE=''
USE_NCMPI_AIORI_FALSE=''
USE_NCMPI_AIORI_TRUE='#'
USE_POSIX_AIORI_FALSE='#'
USE_POSIX_AIORI_TRUE=''
VERSION='3.0.1'
ac_ct_CC=''
am__EXEEXT_FALSE=''
am__EXEEXT_TRUE='#'
am__fastdepCC_FALSE='#'
am__fastdepCC_TRUE=''
am__include='include'
am__isrc=''
am__leading_dot='.'
am__nodep='_no'
am__quote=''
am__tar='$${TAR-tar} chof - "$$tardir"'
am__untar='$${TAR-tar} xf -'
bindir='${exec_prefix}/bin'
build='x86_64-unknown-linux-gnu'
build_alias=''
build_cpu='x86_64'
build_os='linux-gnu'
build_vendor='unknown'
datadir='${datarootdir}'
datarootdir='${prefix}/share'
docdir='${datarootdir}/doc/${PACKAGE}'
dvidir='${docdir}'
exec_prefix='${prefix}'
host='alphaev6-unknown-linux-gnu'
host_alias='alphaev6-unknown-linux-gnu'
host_cpu='alphaev6'
host_os='linux-gnu'
host_vendor='unknown'
htmldir='${docdir}'
includedir='${prefix}/include'
infodir='${datarootdir}/info'
install_sh='${SHELL} /home/export/online1/systest/gfsfile/testscripts/IOR.hada/ior.hadafs/config/install-sh'
libdir='${exec_prefix}/lib'
libexecdir='${exec_prefix}/libexec'
localedir='${datarootdir}/locale'
localstatedir='${prefix}/var'
mandir='${datarootdir}/man'
mkdir_p='$(MKDIR_P)'
oldincludedir='/usr/include'
pdfdir='${docdir}'
prefix='/usr/local'
program_transform_name='s,x,x,'
psdir='${docdir}'
sbindir='${exec_prefix}/sbin'
sharedstatedir='${prefix}/com'
sysconfdir='${prefix}/etc'
target_alias='alphaev6-unknown-linux-gnu'

## ----------- ##
## confdefs.h. ##
## ----------- ##

/* confdefs.h */
#define PACKAGE_NAME ""
#define PACKAGE_TARNAME ""
#define PACKAGE_VERSION ""
#define PACKAGE_STRING ""
#define PACKAGE_BUGREPORT ""
#define PACKAGE_URL ""
#define META_NAME "ior"
#define META_VERSION "3.0.1"
#define META_RELEASE "0"
#define META_ALIAS "ior-3.0.1-0"
#define HAVE_MPI 1
#define STDC_HEADERS 1
#define HAVE_SYS_TYPES_H 1
#define HAVE_SYS_STAT_H 1
#define HAVE_STDLIB_H 1
#define HAVE_STRING_H 1
#define HAVE_MEMORY_H 1
#define HAVE_STRINGS_H 1
#define HAVE_INTTYPES_H 1
#define HAVE_STDINT_H 1
#define HAVE_UNISTD_H 1
#define HAVE_FCNTL_H 1
#define HAVE_LIBINTL_H 1
#define HAVE_STDLIB_H 1
#define HAVE_STRING_H 1
#define HAVE_STRINGS_H 1
#define HAVE_SYS_IOCTL_H 1
#define HAVE_SYS_PARAM_H 1
#define HAVE_SYS_STATFS_H 1
#define HAVE_SYS_STATVFS_H 1
#define HAVE_SYS_TIME_H 1
#define HAVE_UNISTD_H 1
#define HAVE_WCHAR_H 1
#define HAVE_GETPAGESIZE 1
#define HAVE_GETTIMEOFDAY 1
#define HAVE_MEMSET 1
#define HAVE_MKDIR 1
#define HAVE_POW 1
#define HAVE_PUTENV 1
#define HAVE_REALPATH 1
#define HAVE_REGCOMP 1
#define HAVE_SQRT 1
#define HAVE_STRCASECMP 1
#define HAVE_STRCHR 1
#define HAVE_STRERROR 1
#define HAVE_STRNCASECMP 1
#define HAVE_STRSTR 1
#define HAVE_UNAME 1
#define USE_POSIX_AIORI /**/
#define USE_MPIIO_AIORI /**/

configure: exit 0
